<?xml version="1.0" encoding="UTF-8"?>
<testsuite xmlns:xsi="http://www.w3.org/2001/XMLSchema-instance" xsi:noNamespaceSchemaLocation="https://maven.apache.org/surefire/maven-surefire-plugin/xsd/surefire-test-report-3.0.xsd" version="3.0" name="com.javaproject.data.ItemDataTest" time="0.218" tests="5" errors="0" skipped="0" failures="0">
  <properties>
[...]
</properties>
  <testcase name="testDataLoading" classname="com.javaproject.data.ItemDataTest" time="0.176"/>
  <testcase name="testGetPrice" classname="com.javaproject.data.ItemDataTest" time="0.0"/>
  <testcase name="testGetDesc" classname="com.javaproject.data.ItemDataTest" time="0.0"/>
  <testcase name="testGetName" classname="com.javaproject.data.ItemDataTest" time="0.0"/>
  <testcase name="testGetImgPathRelative" classname="com.javaproject.data.ItemDataTest" time="0.0"/>
</testsuite>